
====================================================================================================
[Sat Jan  9 15:22:14 2016][info]Rudder(x) runing!
[Sat Jan  9 15:22:14 2016][info]Rudder(y) runing!

====================================================================================================
[Sat Jan  9 15:28:21 2016][info]Rudder(x) runing!
[Sat Jan  9 15:28:21 2016][info]Rudder(y) runing!
[Sat Jan  9 15:28:57 2016][info]Rudder(y) is passive!
[Sat Jan  9 15:29:07 2016][info]Rudder(y) is passive!

====================================================================================================
[Sat Jan  9 15:38:14 2016][info]Rudder(x) runing!
[Sat Jan  9 15:38:14 2016][info]Rudder(y) runing!
[Sat Jan  9 15:38:52 2016][info]Rudder(y) is passive!
[Sat Jan  9 15:38:52 2016][info]Rudder(x) is passive!

====================================================================================================
[Sat Jan  9 15:57:28 2016][info]Rudder(x) runing!
[Sat Jan  9 15:57:28 2016][info]Rudder(y) runing!

====================================================================================================
[Sat Jan  9 15:58:45 2016][info]Rudder(x) runing!
[Sat Jan  9 15:58:45 2016][info]Rudder(y) runing!
[Sat Jan  9 15:58:50 2016][info]Rudder(x) die!
[Sat Jan  9 15:58:50 2016][info]Rudder(y) die!

====================================================================================================
[Sat Jan  9 15:59:46 2016][info]Rudder(x) runing!
[Sat Jan  9 15:59:46 2016][info]Rudder(y) runing!
